2025-05-20 14:19:59,251 - INFO - Aplicación iniciada
2025-05-20 14:20:18,974 - INFO - Mascota registrada: Azul - Dueño: Gab
2025-05-20 14:20:47,525 - INFO - Consulta registrada para Azul en 18/02/2026
2025-05-20 14:21:41,536 - INFO - Aplicación iniciada
2025-05-20 14:29:58,670 - INFO - Aplicación iniciada
2025-05-20 14:29:58,671 - INFO - Datos de mascotas cargados correctamente desde CSV.
2025-05-20 14:29:58,678 - INFO - Consultas cargadas correctamente desde JSON.
2025-05-20 14:30:14,891 - INFO - Aplicación iniciada
2025-05-20 14:30:14,892 - INFO - Datos de mascotas cargados correctamente desde CSV.
2025-05-20 14:30:14,900 - INFO - Consultas cargadas correctamente desde JSON.
2025-05-23 18:45:27,913 - INFO - Aplicación iniciada
2025-05-23 18:45:27,914 - WARNING - No se encontró el archivo CSV: c:\Users\1\OneDrive\Escritorio\bootcampPythonACG_Sp6\almacenamiento\mascotas_dueños.csv
2025-05-23 18:45:27,914 - WARNING - No se encontró el archivo JSON: c:\Users\1\OneDrive\Escritorio\bootcampPythonACG_Sp6\almacenamiento\consultas.json
2025-05-23 18:46:04,451 - ERROR - Error registrando mascota: name 'nombre_mascota' is not defined
2025-05-23 18:51:36,447 - INFO - Aplicación iniciada
2025-05-23 18:51:36,542 - INFO - Datos de mascotas cargados correctamente desde CSV.
2025-05-23 18:51:36,542 - WARNING - No se encontró el archivo JSON: c:\Users\1\OneDrive\Escritorio\bootcampPythonACG_Sp6\almacenamiento\consultas.json
2025-05-23 18:51:58,732 - INFO - Mascota registrada: Eros - Dueño: Mariangelica
2025-05-23 18:51:58,732 - INFO - Mascota registrada: Eros - Dueño: Mariangelica
2025-05-23 18:52:53,033 - INFO - Mascota registrada: Bolas - Dueño: Wilson
2025-05-23 18:52:53,034 - INFO - Mascota registrada: Bolas - Dueño: Wilson
2025-05-23 18:54:17,429 - INFO - Aplicación iniciada
2025-05-23 18:54:17,461 - INFO - Datos de mascotas cargados correctamente desde CSV.
2025-05-23 18:54:17,461 - WARNING - No se encontró el archivo JSON: c:\Users\1\OneDrive\Escritorio\bootcampPythonACG_Sp6\almacenamiento\consultas.json
2025-05-23 18:54:35,057 - ERROR - Error: La mascota 'Eros' ya está registrada con el dueño 'Mariangelica'.
2025-05-23 18:55:47,649 - INFO - Mascota registrada: Pepe - Dueño: Andrea
2025-05-23 19:32:12,292 - INFO - Aplicación iniciada
2025-05-23 19:32:12,295 - INFO - Datos de mascotas cargados correctamente desde CSV.
2025-05-23 19:32:12,295 - WARNING - No se encontró el archivo JSON: c:\Users\1\OneDrive\Escritorio\bootcampPythonACG_Sp6\almacenamiento\consultas.json
2025-05-23 19:32:37,331 - INFO - Mascota registrada: Eros - Dueño: Wilson
2025-05-23 19:32:44,103 - ERROR - Error registrando consulta: cannot unpack non-iterable function object
2025-05-23 19:35:36,479 - ERROR - Error registrando consulta: cannot unpack non-iterable function object
2025-05-23 19:35:49,329 - INFO - Aplicación iniciada
2025-05-23 19:35:49,331 - INFO - Datos de mascotas cargados correctamente desde CSV.
2025-05-23 19:35:49,332 - WARNING - No se encontró el archivo JSON: c:\Users\1\OneDrive\Escritorio\bootcampPythonACG_Sp6\almacenamiento\consultas.json
2025-05-23 19:36:08,342 - ERROR - Error registrando consulta: 'NoneType' object has no attribute 'strftime'
2025-05-23 19:38:23,614 - INFO - Aplicación iniciada
2025-05-23 19:38:23,615 - INFO - Datos de mascotas cargados correctamente desde CSV.
2025-05-23 19:38:23,615 - WARNING - No se encontró el archivo JSON: c:\Users\1\OneDrive\Escritorio\bootcampPythonACG_Sp6\almacenamiento\consultas.json
2025-05-23 19:38:40,376 - INFO - Consulta registrada para Eros en 10/11/2025
2025-05-23 19:39:06,182 - INFO - Consulta registrada para Pepe en 12/12/2025
2025-05-23 19:48:22,708 - INFO - Aplicación iniciada
2025-05-23 19:48:22,709 - INFO - Datos de mascotas cargados correctamente desde CSV.
2025-05-23 19:48:22,793 - INFO - Consultas cargadas correctamente desde JSON.
2025-05-23 19:48:47,453 - INFO - Consulta registrada para Eros en 10/10/2024
2025-05-23 19:48:52,582 - ERROR - Mascota y dueño no coinciden o no existen: eros, eros
2025-05-23 19:49:03,078 - ERROR - Mascota y dueño no coinciden o no existen: eros, wilson
2025-05-23 19:58:15,338 - INFO - Aplicación iniciada
2025-05-23 19:58:15,340 - INFO - Datos de mascotas cargados correctamente desde CSV.
2025-05-23 19:58:15,416 - INFO - Consultas cargadas correctamente desde JSON.
2025-05-23 19:58:32,001 - ERROR - Error: La mascota 'Eros' ya está registrada con el dueño 'Mariangelica'.
2025-05-26 20:17:42,418 - INFO - Aplicación iniciada
2025-05-26 20:17:42,593 - INFO - Datos de mascotas cargados correctamente desde CSV.
2025-05-26 20:17:42,798 - INFO - Consultas cargadas correctamente desde JSON.
2025-06-03 21:51:35,656 - INFO - Aplicación iniciada
2025-06-03 21:51:35,674 - INFO - Datos de mascotas cargados correctamente desde CSV.
2025-06-03 21:51:35,829 - INFO - Consultas cargadas correctamente desde JSON.
2025-06-03 21:52:16,685 - ERROR - Error registrando mascota: 'NoneType' object has no attribute 'close'
2025-06-03 21:53:12,381 - INFO - Aplicación iniciada
2025-06-03 21:53:12,421 - INFO - Datos de mascotas cargados correctamente desde CSV.
2025-06-03 21:53:12,450 - INFO - Consultas cargadas correctamente desde JSON.
2025-06-03 21:59:35,577 - INFO - Aplicación iniciada
2025-06-03 21:59:35,580 - INFO - Datos de mascotas cargados correctamente desde CSV.
2025-06-03 21:59:35,608 - INFO - Consultas cargadas correctamente desde JSON.
2025-06-03 22:00:08,156 - ERROR - Error: La mascota 'Eros David' ya está registrada con el dueño 'Mariangelica Perea'.
2025-06-03 22:01:36,660 - INFO - Aplicación iniciada
2025-06-03 22:01:36,678 - INFO - Datos de mascotas cargados correctamente desde CSV.
2025-06-03 22:01:36,699 - INFO - Consultas cargadas correctamente desde JSON.
2025-06-03 22:02:04,019 - ERROR - Error registrando mascota: name 'respuesta' is not defined
2025-06-03 22:06:17,608 - INFO - Aplicación iniciada
2025-06-03 22:06:17,615 - INFO - Datos de mascotas cargados correctamente desde CSV.
2025-06-03 22:06:17,639 - INFO - Consultas cargadas correctamente desde JSON.
2025-06-03 22:06:50,632 - ERROR - Error registrando mascota: name 'respuesta' is not defined
2025-06-03 22:09:59,028 - INFO - Aplicación iniciada
2025-06-03 22:09:59,032 - INFO - Datos de mascotas cargados correctamente desde CSV.
2025-06-03 22:09:59,058 - INFO - Consultas cargadas correctamente desde JSON.
2025-06-03 22:10:33,225 - INFO - Aplicación iniciada
2025-06-03 22:10:33,230 - INFO - Datos de mascotas cargados correctamente desde CSV.
2025-06-03 22:10:33,254 - INFO - Consultas cargadas correctamente desde JSON.
2025-06-03 22:12:35,086 - ERROR - No se pudo registrar el dueño: name 'id_generado_dueno' is not defined
2025-06-03 22:17:07,889 - INFO - Aplicación iniciada
2025-06-03 22:17:07,895 - INFO - Datos de mascotas cargados correctamente desde CSV.
2025-06-03 22:17:07,918 - INFO - Consultas cargadas correctamente desde JSON.
2025-06-03 22:18:01,947 - ERROR - Error registrando mascota: 'Mascota' object is not iterable
2025-06-03 22:23:41,467 - INFO - Aplicación iniciada
2025-06-03 22:23:41,477 - INFO - Datos de mascotas cargados correctamente desde CSV.
2025-06-03 22:23:41,512 - INFO - Consultas cargadas correctamente desde JSON.
2025-06-03 22:25:07,909 - INFO - Mascota registrada: Eros David - Dueño: Mariangelica
2025-06-03 22:42:36,044 - INFO - Aplicación iniciada
2025-06-03 22:42:36,048 - INFO - Datos de mascotas cargados correctamente desde CSV.
2025-06-03 22:42:36,074 - INFO - Consultas cargadas correctamente desde JSON.
2025-06-03 22:43:12,991 - INFO - Mascota registrada: Eros David - Dueño: Mariangelica Perea
2025-06-03 22:52:57,418 - INFO - Aplicación iniciada
2025-06-03 22:52:57,420 - INFO - Datos de mascotas cargados correctamente desde CSV.
2025-06-03 22:52:57,454 - INFO - Consultas cargadas correctamente desde JSON.
